Unable to capture context for thread 23900 in process 6008, can not generate back trace
Exception at PC 0x00007FFB2F2CBB93
Printing stacktrace...

[0]  [0x00007FFB2F2CBB93]
[1]  [0x00007FFB2F2CBB93]
[2]  [0x00007FFB2F2CB4A1]
[3]  [0x00007FFB2F2CB3EF]
[4]  [0x00007FFB2F2B19FE]
[5]  [0x00007FFB2F2B0ED1]
[6]  [0x00007FFB2F2B0D76]
[7]  [0x00007FFB2F2579F6]
[8]  [0x00007FFB2F247AFB]
[9]  [0x00007FFB2F36E90A]
[10]  [0x00007FFB2F389F87]
[11]  [0x00007FFB2F38A05F]
[12] (BaseThreadInitThunk+0x14) [0x00007FFBB2994034]
[13] (RtlUserThreadStart+0x21) [0x00007FFBB5103691]
Done
Exception at PC 0x00007FFB2EFD1A52
Attemped to write at address 0x00007FFB83B6ABA4
Printing stacktrace...

[0]  [0x00007FFB2EFD1A52]
[1]  [0x00007FFB2EFD1A52]
[2]  [0x00007FFB2EFD1AD4]
[3]  [0x00007FFB2F113FF7]
[4]  [0x00007FFB2EFF9128]
[5]  [0x00007FFB2F2ADFB9]
[6]  [0x00007FFB2F47EF23]
[7]  [0x00007FFB2F38B06B]
[8]  [0x00007FFB2F3808AF]
[9]  [0x00007FFB2F380A32]
[10] (RtlActivateActivationContextUnsafeFast+0x123) [0x00007FFBB50CB583]
[11] (LdrShutdownProcess+0x125) [0x00007FFBB50D7F85]
[12] (RtlExitUserProcess+0xd8) [0x00007FFBB50D7E48]
[13] (FatalExit+0xa) [0x00007FFBB299CA7A]
[14] (exit+0x75) [0x00007FFBB2A79CE5]
[15] (initterm_e+0x235) [0x00007FFBB2A7A345]
[16]  [0x00000000004014CD]
[17]  [0x000000000040151B]
[18] (BaseThreadInitThunk+0x14) [0x00007FFBB2994034]
[19] (RtlUserThreadStart+0x21) [0x00007FFBB5103691]
Done
