
*** Running vivado
    with args -log LED_CarLight.vdi -applog -m64 -product Vivado -messageDb vivado.pb -mode batch -source LED_CarLight.tcl -notrace


****** Vivado v2017.2 (64-bit)
  **** SW Build 1909853 on Thu Jun 15 18:39:09 MDT 2017
  **** IP Build 1909766 on Thu Jun 15 19:58:00 MDT 2017
    ** Copyright 1986-2017 Xilinx, Inc. All Rights Reserved.

source LED_CarLight.tcl -notrace
Design is defaulting to srcset: sources_1
Design is defaulting to constrset: constrs_1
INFO: [Netlist 29-17] Analyzing 29 Unisim elements for replacement
INFO: [Netlist 29-28] Unisim Transformation completed in 0 CPU seconds
INFO: [Project 1-479] Netlist was created with Vivado 2017.2
INFO: [Device 21-403] Loading part xc7a35tcsg324-1
INFO: [Project 1-570] Preparing netlist for logic optimization
Parsing XDC File [D:/Learn/Second/MathLogic/ex2/ex2/ex2.srcs/constrs_1/new/control_light.xdc]
WARNING: [Vivado 12-584] No ports matched 'buzzer'. [D:/Learn/Second/MathLogic/ex2/ex2/ex2.srcs/constrs_1/new/control_light.xdc:20]
CRITICAL WARNING: [Common 17-55] 'set_property' expects at least one object. [D:/Learn/Second/MathLogic/ex2/ex2/ex2.srcs/constrs_1/new/control_light.xdc:20]
Resolution: If [get_<value>] was used to populate the object, check to make sure this command returns at least one valid object.
WARNING: [Vivado 12-584] No ports matched 'buzzer'. [D:/Learn/Second/MathLogic/ex2/ex2/ex2.srcs/constrs_1/new/control_light.xdc:21]
CRITICAL WARNING: [Common 17-55] 'set_property' expects at least one object. [D:/Learn/Second/MathLogic/ex2/ex2/ex2.srcs/constrs_1/new/control_light.xdc:21]
Resolution: If [get_<value>] was used to populate the object, check to make sure this command returns at least one valid object.
WARNING: [Vivado 12-584] No ports matched 'key'. [D:/Learn/Second/MathLogic/ex2/ex2/ex2.srcs/constrs_1/new/control_light.xdc:25]
CRITICAL WARNING: [Common 17-55] 'set_property' expects at least one object. [D:/Learn/Second/MathLogic/ex2/ex2/ex2.srcs/constrs_1/new/control_light.xdc:25]
Resolution: If [get_<value>] was used to populate the object, check to make sure this command returns at least one valid object.
WARNING: [Vivado 12-584] No ports matched 'key'. [D:/Learn/Second/MathLogic/ex2/ex2/ex2.srcs/constrs_1/new/control_light.xdc:26]
CRITICAL WARNING: [Common 17-55] 'set_property' expects at least one object. [D:/Learn/Second/MathLogic/ex2/ex2/ex2.srcs/constrs_1/new/control_light.xdc:26]
Resolution: If [get_<value>] was used to populate the object, check to make sure this command returns at least one valid object.
WARNING: [Vivado 12-584] No ports matched 'an[7]'. [D:/Learn/Second/MathLogic/ex2/ex2/ex2.srcs/constrs_1/new/control_light.xdc:28]
CRITICAL WARNING: [Common 17-55] 'set_property' expects at least one object. [D:/Learn/Second/MathLogic/ex2/ex2/ex2.srcs/constrs_1/new/control_light.xdc:28]
Resolution: If [get_<value>] was used to populate the object, check to make sure this command returns at least one valid object.
WARNING: [Vivado 12-584] No ports matched 'an[6]'. [D:/Learn/Second/MathLogic/ex2/ex2/ex2.srcs/constrs_1/new/control_light.xdc:29]
CRITICAL WARNING: [Common 17-55] 'set_property' expects at least one object. [D:/Learn/Second/MathLogic/ex2/ex2/ex2.srcs/constrs_1/new/control_light.xdc:29]
Resolution: If [get_<value>] was used to populate the object, check to make sure this command returns at least one valid object.
WARNING: [Vivado 12-584] No ports matched 'an[5]'. [D:/Learn/Second/MathLogic/ex2/ex2/ex2.srcs/constrs_1/new/control_light.xdc:30]
CRITICAL WARNING: [Common 17-55] 'set_property' expects at least one object. [D:/Learn/Second/MathLogic/ex2/ex2/ex2.srcs/constrs_1/new/control_light.xdc:30]
Resolution: If [get_<value>] was used to populate the object, check to make sure this command returns at least one valid object.
WARNING: [Vivado 12-584] No ports matched 'an[4]'. [D:/Learn/Second/MathLogic/ex2/ex2/ex2.srcs/constrs_1/new/control_light.xdc:31]
CRITICAL WARNING: [Common 17-55] 'set_property' expects at least one object. [D:/Learn/Second/MathLogic/ex2/ex2/ex2.srcs/constrs_1/new/control_light.xdc:31]
Resolution: If [get_<value>] was used to populate the object, check to make sure this command returns at least one valid object.
WARNING: [Vivado 12-584] No ports matched 'an[3]'. [D:/Learn/Second/MathLogic/ex2/ex2/ex2.srcs/constrs_1/new/control_light.xdc:32]
CRITICAL WARNING: [Common 17-55] 'set_property' expects at least one object. [D:/Learn/Second/MathLogic/ex2/ex2/ex2.srcs/constrs_1/new/control_light.xdc:32]
Resolution: If [get_<value>] was used to populate the object, check to make sure this command returns at least one valid object.
WARNING: [Vivado 12-584] No ports matched 'an[2]'. [D:/Learn/Second/MathLogic/ex2/ex2/ex2.srcs/constrs_1/new/control_light.xdc:33]
CRITICAL WARNING: [Common 17-55] 'set_property' expects at least one object. [D:/Learn/Second/MathLogic/ex2/ex2/ex2.srcs/constrs_1/new/control_light.xdc:33]
Resolution: If [get_<value>] was used to populate the object, check to make sure this command returns at least one valid object.
WARNING: [Vivado 12-584] No ports matched 'an[1]'. [D:/Learn/Second/MathLogic/ex2/ex2/ex2.srcs/constrs_1/new/control_light.xdc:34]
CRITICAL WARNING: [Common 17-55] 'set_property' expects at least one object. [D:/Learn/Second/MathLogic/ex2/ex2/ex2.srcs/constrs_1/new/control_light.xdc:34]
Resolution: If [get_<value>] was used to populate the object, check to make sure this command returns at least one valid object.
WARNING: [Vivado 12-584] No ports matched 'an[0]'. [D:/Learn/Second/MathLogic/ex2/ex2/ex2.srcs/constrs_1/new/control_light.xdc:35]
CRITICAL WARNING: [Common 17-55] 'set_property' expects at least one object. [D:/Learn/Second/MathLogic/ex2/ex2/ex2.srcs/constrs_1/new/control_light.xdc:35]
Resolution: If [get_<value>] was used to populate the object, check to make sure this command returns at least one valid object.
WARNING: [Vivado 12-584] No ports matched 'seg[7]'. [D:/Learn/Second/MathLogic/ex2/ex2/ex2.srcs/constrs_1/new/control_light.xdc:36]
CRITICAL WARNING: [Common 17-55] 'set_property' expects at least one object. [D:/Learn/Second/MathLogic/ex2/ex2/ex2.srcs/constrs_1/new/control_light.xdc:36]
Resolution: If [get_<value>] was used to populate the object, check to make sure this command returns at least one valid object.
WARNING: [Vivado 12-584] No ports matched 'seg[6]'. [D:/Learn/Second/MathLogic/ex2/ex2/ex2.srcs/constrs_1/new/control_light.xdc:37]
CRITICAL WARNING: [Common 17-55] 'set_property' expects at least one object. [D:/Learn/Second/MathLogic/ex2/ex2/ex2.srcs/constrs_1/new/control_light.xdc:37]
Resolution: If [get_<value>] was used to populate the object, check to make sure this command returns at least one valid object.
WARNING: [Vivado 12-584] No ports matched 'seg[5]'. [D:/Learn/Second/MathLogic/ex2/ex2/ex2.srcs/constrs_1/new/control_light.xdc:38]
CRITICAL WARNING: [Common 17-55] 'set_property' expects at least one object. [D:/Learn/Second/MathLogic/ex2/ex2/ex2.srcs/constrs_1/new/control_light.xdc:38]
Resolution: If [get_<value>] was used to populate the object, check to make sure this command returns at least one valid object.
WARNING: [Vivado 12-584] No ports matched 'seg[4]'. [D:/Learn/Second/MathLogic/ex2/ex2/ex2.srcs/constrs_1/new/control_light.xdc:39]
CRITICAL WARNING: [Common 17-55] 'set_property' expects at least one object. [D:/Learn/Second/MathLogic/ex2/ex2/ex2.srcs/constrs_1/new/control_light.xdc:39]
Resolution: If [get_<value>] was used to populate the object, check to make sure this command returns at least one valid object.
WARNING: [Vivado 12-584] No ports matched 'seg[3]'. [D:/Learn/Second/MathLogic/ex2/ex2/ex2.srcs/constrs_1/new/control_light.xdc:40]
CRITICAL WARNING: [Common 17-55] 'set_property' expects at least one object. [D:/Learn/Second/MathLogic/ex2/ex2/ex2.srcs/constrs_1/new/control_light.xdc:40]
Resolution: If [get_<value>] was used to populate the object, check to make sure this command returns at least one valid object.
WARNING: [Vivado 12-584] No ports matched 'seg[2]'. [D:/Learn/Second/MathLogic/ex2/ex2/ex2.srcs/constrs_1/new/control_light.xdc:41]
CRITICAL WARNING: [Common 17-55] 'set_property' expects at least one object. [D:/Learn/Second/MathLogic/ex2/ex2/ex2.srcs/constrs_1/new/control_light.xdc:41]
Resolution: If [get_<value>] was used to populate the object, check to make sure this command returns at least one valid object.
WARNING: [Vivado 12-584] No ports matched 'seg[1]'. [D:/Learn/Second/MathLogic/ex2/ex2/ex2.srcs/constrs_1/new/control_light.xdc:42]
CRITICAL WARNING: [Common 17-55] 'set_property' expects at least one object. [D:/Learn/Second/MathLogic/ex2/ex2/ex2.srcs/constrs_1/new/control_light.xdc:42]
Resolution: If [get_<value>] was used to populate the object, check to make sure this command returns at least one valid object.
WARNING: [Vivado 12-584] No ports matched 'seg[0]'. [D:/Learn/Second/MathLogic/ex2/ex2/ex2.srcs/constrs_1/new/control_light.xdc:43]
CRITICAL WARNING: [Common 17-55] 'set_property' expects at least one object. [D:/Learn/Second/MathLogic/ex2/ex2/ex2.srcs/constrs_1/new/control_light.xdc:43]
Resolution: If [get_<value>] was used to populate the object, check to make sure this command returns at least one valid object.
WARNING: [Vivado 12-584] No ports matched 'an[0]'. [D:/Learn/Second/MathLogic/ex2/ex2/ex2.srcs/constrs_1/new/control_light.xdc:44]
CRITICAL WARNING: [Common 17-55] 'set_property' expects at least one object. [D:/Learn/Second/MathLogic/ex2/ex2/ex2.srcs/constrs_1/new/control_light.xdc:44]
Resolution: If [get_<value>] was used to populate the object, check to make sure this command returns at least one valid object.
WARNING: [Vivado 12-584] No ports matched 'an[1]'. [D:/Learn/Second/MathLogic/ex2/ex2/ex2.srcs/constrs_1/new/control_light.xdc:45]
CRITICAL WARNING: [Common 17-55] 'set_property' expects at least one object. [D:/Learn/Second/MathLogic/ex2/ex2/ex2.srcs/constrs_1/new/control_light.xdc:45]
Resolution: If [get_<value>] was used to populate the object, check to make sure this command returns at least one valid object.
WARNING: [Vivado 12-584] No ports matched 'an[2]'. [D:/Learn/Second/MathLogic/ex2/ex2/ex2.srcs/constrs_1/new/control_light.xdc:46]
CRITICAL WARNING: [Common 17-55] 'set_property' expects at least one object. [D:/Learn/Second/MathLogic/ex2/ex2/ex2.srcs/constrs_1/new/control_light.xdc:46]
Resolution: If [get_<value>] was used to populate the object, check to make sure this command returns at least one valid object.
WARNING: [Vivado 12-584] No ports matched 'an[3]'. [D:/Learn/Second/MathLogic/ex2/ex2/ex2.srcs/constrs_1/new/control_light.xdc:47]
CRITICAL WARNING: [Common 17-55] 'set_property' expects at least one object. [D:/Learn/Second/MathLogic/ex2/ex2/ex2.srcs/constrs_1/new/control_light.xdc:47]
Resolution: If [get_<value>] was used to populate the object, check to make sure this command returns at least one valid object.
WARNING: [Vivado 12-584] No ports matched 'an[4]'. [D:/Learn/Second/MathLogic/ex2/ex2/ex2.srcs/constrs_1/new/control_light.xdc:48]
CRITICAL WARNING: [Common 17-55] 'set_property' expects at least one object. [D:/Learn/Second/MathLogic/ex2/ex2/ex2.srcs/constrs_1/new/control_light.xdc:48]
Resolution: If [get_<value>] was used to populate the object, check to make sure this command returns at least one valid object.
WARNING: [Vivado 12-584] No ports matched 'an[5]'. [D:/Learn/Second/MathLogic/ex2/ex2/ex2.srcs/constrs_1/new/control_light.xdc:49]
CRITICAL WARNING: [Common 17-55] 'set_property' expects at least one object. [D:/Learn/Second/MathLogic/ex2/ex2/ex2.srcs/constrs_1/new/control_light.xdc:49]
Resolution: If [get_<value>] was used to populate the object, check to make sure this command returns at least one valid object.
WARNING: [Vivado 12-584] No ports matched 'an[6]'. [D:/Learn/Second/MathLogic/ex2/ex2/ex2.srcs/constrs_1/new/control_light.xdc:50]
CRITICAL WARNING: [Common 17-55] 'set_property' expects at least one object. [D:/Learn/Second/MathLogic/ex2/ex2/ex2.srcs/constrs_1/new/control_light.xdc:50]
Resolution: If [get_<value>] was used to populate the object, check to make sure this command returns at least one valid object.
WARNING: [Vivado 12-584] No ports matched 'an[7]'. [D:/Learn/Second/MathLogic/ex2/ex2/ex2.srcs/constrs_1/new/control_light.xdc:51]
CRITICAL WARNING: [Common 17-55] 'set_property' expects at least one object. [D:/Learn/Second/MathLogic/ex2/ex2/ex2.srcs/constrs_1/new/control_light.xdc:51]
Resolution: If [get_<value>] was used to populate the object, check to make sure this command returns at least one valid object.
WARNING: [Vivado 12-584] No ports matched 'seg[0]'. [D:/Learn/Second/MathLogic/ex2/ex2/ex2.srcs/constrs_1/new/control_light.xdc:52]
CRITICAL WARNING: [Common 17-55] 'set_property' expects at least one object. [D:/Learn/Second/MathLogic/ex2/ex2/ex2.srcs/constrs_1/new/control_light.xdc:52]
Resolution: If [get_<value>] was used to populate the object, check to make sure this command returns at least one valid object.
WARNING: [Vivado 12-584] No ports matched 'seg[1]'. [D:/Learn/Second/MathLogic/ex2/ex2/ex2.srcs/constrs_1/new/control_light.xdc:53]
CRITICAL WARNING: [Common 17-55] 'set_property' expects at least one object. [D:/Learn/Second/MathLogic/ex2/ex2/ex2.srcs/constrs_1/new/control_light.xdc:53]
Resolution: If [get_<value>] was used to populate the object, check to make sure this command returns at least one valid object.
WARNING: [Vivado 12-584] No ports matched 'seg[2]'. [D:/Learn/Second/MathLogic/ex2/ex2/ex2.srcs/constrs_1/new/control_light.xdc:54]
CRITICAL WARNING: [Common 17-55] 'set_property' expects at least one object. [D:/Learn/Second/MathLogic/ex2/ex2/ex2.srcs/constrs_1/new/control_light.xdc:54]
Resolution: If [get_<value>] was used to populate the object, check to make sure this command returns at least one valid object.
WARNING: [Vivado 12-584] No ports matched 'seg[3]'. [D:/Learn/Second/MathLogic/ex2/ex2/ex2.srcs/constrs_1/new/control_light.xdc:55]
CRITICAL WARNING: [Common 17-55] 'set_property' expects at least one object. [D:/Learn/Second/MathLogic/ex2/ex2/ex2.srcs/constrs_1/new/control_light.xdc:55]
Resolution: If [get_<value>] was used to populate the object, check to make sure this command returns at least one valid object.
WARNING: [Vivado 12-584] No ports matched 'seg[4]'. [D:/Learn/Second/MathLogic/ex2/ex2/ex2.srcs/constrs_1/new/control_light.xdc:56]
CRITICAL WARNING: [Common 17-55] 'set_property' expects at least one object. [D:/Learn/Second/MathLogic/ex2/ex2/ex2.srcs/constrs_1/new/control_light.xdc:56]
Resolution: If [get_<value>] was used to populate the object, check to make sure this command returns at least one valid object.
WARNING: [Vivado 12-584] No ports matched 'seg[5]'. [D:/Learn/Second/MathLogic/ex2/ex2/ex2.srcs/constrs_1/new/control_light.xdc:57]
CRITICAL WARNING: [Common 17-55] 'set_property' expects at least one object. [D:/Learn/Second/MathLogic/ex2/ex2/ex2.srcs/constrs_1/new/control_light.xdc:57]
Resolution: If [get_<value>] was used to populate the object, check to make sure this command returns at least one valid object.
WARNING: [Vivado 12-584] No ports matched 'seg[6]'. [D:/Learn/Second/MathLogic/ex2/ex2/ex2.srcs/constrs_1/new/control_light.xdc:58]
CRITICAL WARNING: [Common 17-55] 'set_property' expects at least one object. [D:/Learn/Second/MathLogic/ex2/ex2/ex2.srcs/constrs_1/new/control_light.xdc:58]
Resolution: If [get_<value>] was used to populate the object, check to make sure this command returns at least one valid object.
WARNING: [Vivado 12-584] No ports matched 'seg[7]'. [D:/Learn/Second/MathLogic/ex2/ex2/ex2.srcs/constrs_1/new/control_light.xdc:59]
CRITICAL WARNING: [Common 17-55] 'set_property' expects at least one object. [D:/Learn/Second/MathLogic/ex2/ex2/ex2.srcs/constrs_1/new/control_light.xdc:59]
Resolution: If [get_<value>] was used to populate the object, check to make sure this command returns at least one valid object.
WARNING: [Vivado 12-584] No ports matched 'ann[7]'. [D:/Learn/Second/MathLogic/ex2/ex2/ex2.srcs/constrs_1/new/control_light.xdc:61]
CRITICAL WARNING: [Common 17-55] 'set_property' expects at least one object. [D:/Learn/Second/MathLogic/ex2/ex2/ex2.srcs/constrs_1/new/control_light.xdc:61]
Resolution: If [get_<value>] was used to populate the object, check to make sure this command returns at least one valid object.
WARNING: [Vivado 12-584] No ports matched 'ann[6]'. [D:/Learn/Second/MathLogic/ex2/ex2/ex2.srcs/constrs_1/new/control_light.xdc:62]
CRITICAL WARNING: [Common 17-55] 'set_property' expects at least one object. [D:/Learn/Second/MathLogic/ex2/ex2/ex2.srcs/constrs_1/new/control_light.xdc:62]
Resolution: If [get_<value>] was used to populate the object, check to make sure this command returns at least one valid object.
WARNING: [Vivado 12-584] No ports matched 'ann[5]'. [D:/Learn/Second/MathLogic/ex2/ex2/ex2.srcs/constrs_1/new/control_light.xdc:63]
CRITICAL WARNING: [Common 17-55] 'set_property' expects at least one object. [D:/Learn/Second/MathLogic/ex2/ex2/ex2.srcs/constrs_1/new/control_light.xdc:63]
Resolution: If [get_<value>] was used to populate the object, check to make sure this command returns at least one valid object.
WARNING: [Vivado 12-584] No ports matched 'ann[4]'. [D:/Learn/Second/MathLogic/ex2/ex2/ex2.srcs/constrs_1/new/control_light.xdc:64]
CRITICAL WARNING: [Common 17-55] 'set_property' expects at least one object. [D:/Learn/Second/MathLogic/ex2/ex2/ex2.srcs/constrs_1/new/control_light.xdc:64]
Resolution: If [get_<value>] was used to populate the object, check to make sure this command returns at least one valid object.
WARNING: [Vivado 12-584] No ports matched 'ann[3]'. [D:/Learn/Second/MathLogic/ex2/ex2/ex2.srcs/constrs_1/new/control_light.xdc:65]
CRITICAL WARNING: [Common 17-55] 'set_property' expects at least one object. [D:/Learn/Second/MathLogic/ex2/ex2/ex2.srcs/constrs_1/new/control_light.xdc:65]
Resolution: If [get_<value>] was used to populate the object, check to make sure this command returns at least one valid object.
WARNING: [Vivado 12-584] No ports matched 'ann[2]'. [D:/Learn/Second/MathLogic/ex2/ex2/ex2.srcs/constrs_1/new/control_light.xdc:66]
CRITICAL WARNING: [Common 17-55] 'set_property' expects at least one object. [D:/Learn/Second/MathLogic/ex2/ex2/ex2.srcs/constrs_1/new/control_light.xdc:66]
Resolution: If [get_<value>] was used to populate the object, check to make sure this command returns at least one valid object.
WARNING: [Vivado 12-584] No ports matched 'ann[1]'. [D:/Learn/Second/MathLogic/ex2/ex2/ex2.srcs/constrs_1/new/control_light.xdc:67]
CRITICAL WARNING: [Common 17-55] 'set_property' expects at least one object. [D:/Learn/Second/MathLogic/ex2/ex2/ex2.srcs/constrs_1/new/control_light.xdc:67]
Resolution: If [get_<value>] was used to populate the object, check to make sure this command returns at least one valid object.
WARNING: [Vivado 12-584] No ports matched 'ann[0]'. [D:/Learn/Second/MathLogic/ex2/ex2/ex2.srcs/constrs_1/new/control_light.xdc:68]
CRITICAL WARNING: [Common 17-55] 'set_property' expects at least one object. [D:/Learn/Second/MathLogic/ex2/ex2/ex2.srcs/constrs_1/new/control_light.xdc:68]
Resolution: If [get_<value>] was used to populate the object, check to make sure this command returns at least one valid object.
WARNING: [Vivado 12-584] No ports matched 'segg[7]'. [D:/Learn/Second/MathLogic/ex2/ex2/ex2.srcs/constrs_1/new/control_light.xdc:69]
CRITICAL WARNING: [Common 17-55] 'set_property' expects at least one object. [D:/Learn/Second/MathLogic/ex2/ex2/ex2.srcs/constrs_1/new/control_light.xdc:69]
Resolution: If [get_<value>] was used to populate the object, check to make sure this command returns at least one valid object.
WARNING: [Vivado 12-584] No ports matched 'segg[6]'. [D:/Learn/Second/MathLogic/ex2/ex2/ex2.srcs/constrs_1/new/control_light.xdc:70]
CRITICAL WARNING: [Common 17-55] 'set_property' expects at least one object. [D:/Learn/Second/MathLogic/ex2/ex2/ex2.srcs/constrs_1/new/control_light.xdc:70]
Resolution: If [get_<value>] was used to populate the object, check to make sure this command returns at least one valid object.
WARNING: [Vivado 12-584] No ports matched 'segg[5]'. [D:/Learn/Second/MathLogic/ex2/ex2/ex2.srcs/constrs_1/new/control_light.xdc:71]
CRITICAL WARNING: [Common 17-55] 'set_property' expects at least one object. [D:/Learn/Second/MathLogic/ex2/ex2/ex2.srcs/constrs_1/new/control_light.xdc:71]
Resolution: If [get_<value>] was used to populate the object, check to make sure this command returns at least one valid object.
WARNING: [Vivado 12-584] No ports matched 'segg[4]'. [D:/Learn/Second/MathLogic/ex2/ex2/ex2.srcs/constrs_1/new/control_light.xdc:72]
CRITICAL WARNING: [Common 17-55] 'set_property' expects at least one object. [D:/Learn/Second/MathLogic/ex2/ex2/ex2.srcs/constrs_1/new/control_light.xdc:72]
Resolution: If [get_<value>] was used to populate the object, check to make sure this command returns at least one valid object.
WARNING: [Vivado 12-584] No ports matched 'segg[3]'. [D:/Learn/Second/MathLogic/ex2/ex2/ex2.srcs/constrs_1/new/control_light.xdc:73]
CRITICAL WARNING: [Common 17-55] 'set_property' expects at least one object. [D:/Learn/Second/MathLogic/ex2/ex2/ex2.srcs/constrs_1/new/control_light.xdc:73]
Resolution: If [get_<value>] was used to populate the object, check to make sure this command returns at least one valid object.
WARNING: [Vivado 12-584] No ports matched 'segg[2]'. [D:/Learn/Second/MathLogic/ex2/ex2/ex2.srcs/constrs_1/new/control_light.xdc:74]
CRITICAL WARNING: [Common 17-55] 'set_property' expects at least one object. [D:/Learn/Second/MathLogic/ex2/ex2/ex2.srcs/constrs_1/new/control_light.xdc:74]
Resolution: If [get_<value>] was used to populate the object, check to make sure this command returns at least one valid object.
WARNING: [Vivado 12-584] No ports matched 'segg[1]'. [D:/Learn/Second/MathLogic/ex2/ex2/ex2.srcs/constrs_1/new/control_light.xdc:75]
CRITICAL WARNING: [Common 17-55] 'set_property' expects at least one object. [D:/Learn/Second/MathLogic/ex2/ex2/ex2.srcs/constrs_1/new/control_light.xdc:75]
Resolution: If [get_<value>] was used to populate the object, check to make sure this command returns at least one valid object.
WARNING: [Vivado 12-584] No ports matched 'segg[0]'. [D:/Learn/Second/MathLogic/ex2/ex2/ex2.srcs/constrs_1/new/control_light.xdc:76]
CRITICAL WARNING: [Common 17-55] 'set_property' expects at least one object. [D:/Learn/Second/MathLogic/ex2/ex2/ex2.srcs/constrs_1/new/control_light.xdc:76]
Resolution: If [get_<value>] was used to populate the object, check to make sure this command returns at least one valid object.
WARNING: [Vivado 12-584] No ports matched 'ann[0]'. [D:/Learn/Second/MathLogic/ex2/ex2/ex2.srcs/constrs_1/new/control_light.xdc:77]
CRITICAL WARNING: [Common 17-55] 'set_property' expects at least one object. [D:/Learn/Second/MathLogic/ex2/ex2/ex2.srcs/constrs_1/new/control_light.xdc:77]
Resolution: If [get_<value>] was used to populate the object, check to make sure this command returns at least one valid object.
WARNING: [Vivado 12-584] No ports matched 'ann[1]'. [D:/Learn/Second/MathLogic/ex2/ex2/ex2.srcs/constrs_1/new/control_light.xdc:78]
CRITICAL WARNING: [Common 17-55] 'set_property' expects at least one object. [D:/Learn/Second/MathLogic/ex2/ex2/ex2.srcs/constrs_1/new/control_light.xdc:78]
Resolution: If [get_<value>] was used to populate the object, check to make sure this command returns at least one valid object.
WARNING: [Vivado 12-584] No ports matched 'ann[2]'. [D:/Learn/Second/MathLogic/ex2/ex2/ex2.srcs/constrs_1/new/control_light.xdc:79]
CRITICAL WARNING: [Common 17-55] 'set_property' expects at least one object. [D:/Learn/Second/MathLogic/ex2/ex2/ex2.srcs/constrs_1/new/control_light.xdc:79]
Resolution: If [get_<value>] was used to populate the object, check to make sure this command returns at least one valid object.
WARNING: [Vivado 12-584] No ports matched 'ann[3]'. [D:/Learn/Second/MathLogic/ex2/ex2/ex2.srcs/constrs_1/new/control_light.xdc:80]
CRITICAL WARNING: [Common 17-55] 'set_property' expects at least one object. [D:/Learn/Second/MathLogic/ex2/ex2/ex2.srcs/constrs_1/new/control_light.xdc:80]
Resolution: If [get_<value>] was used to populate the object, check to make sure this command returns at least one valid object.
WARNING: [Vivado 12-584] No ports matched 'ann[4]'. [D:/Learn/Second/MathLogic/ex2/ex2/ex2.srcs/constrs_1/new/control_light.xdc:81]
CRITICAL WARNING: [Common 17-55] 'set_property' expects at least one object. [D:/Learn/Second/MathLogic/ex2/ex2/ex2.srcs/constrs_1/new/control_light.xdc:81]
Resolution: If [get_<value>] was used to populate the object, check to make sure this command returns at least one valid object.
WARNING: [Vivado 12-584] No ports matched 'ann[5]'. [D:/Learn/Second/MathLogic/ex2/ex2/ex2.srcs/constrs_1/new/control_light.xdc:82]
CRITICAL WARNING: [Common 17-55] 'set_property' expects at least one object. [D:/Learn/Second/MathLogic/ex2/ex2/ex2.srcs/constrs_1/new/control_light.xdc:82]
Resolution: If [get_<value>] was used to populate the object, check to make sure this command returns at least one valid object.
WARNING: [Vivado 12-584] No ports matched 'ann[6]'. [D:/Learn/Second/MathLogic/ex2/ex2/ex2.srcs/constrs_1/new/control_light.xdc:83]
CRITICAL WARNING: [Common 17-55] 'set_property' expects at least one object. [D:/Learn/Second/MathLogic/ex2/ex2/ex2.srcs/constrs_1/new/control_light.xdc:83]
Resolution: If [get_<value>] was used to populate the object, check to make sure this command returns at least one valid object.
WARNING: [Vivado 12-584] No ports matched 'ann[7]'. [D:/Learn/Second/MathLogic/ex2/ex2/ex2.srcs/constrs_1/new/control_light.xdc:84]
CRITICAL WARNING: [Common 17-55] 'set_property' expects at least one object. [D:/Learn/Second/MathLogic/ex2/ex2/ex2.srcs/constrs_1/new/control_light.xdc:84]
Resolution: If [get_<value>] was used to populate the object, check to make sure this command returns at least one valid object.
WARNING: [Vivado 12-584] No ports matched 'segg[0]'. [D:/Learn/Second/MathLogic/ex2/ex2/ex2.srcs/constrs_1/new/control_light.xdc:85]
CRITICAL WARNING: [Common 17-55] 'set_property' expects at least one object. [D:/Learn/Second/MathLogic/ex2/ex2/ex2.srcs/constrs_1/new/control_light.xdc:85]
Resolution: If [get_<value>] was used to populate the object, check to make sure this command returns at least one valid object.
WARNING: [Vivado 12-584] No ports matched 'segg[1]'. [D:/Learn/Second/MathLogic/ex2/ex2/ex2.srcs/constrs_1/new/control_light.xdc:86]
CRITICAL WARNING: [Common 17-55] 'set_property' expects at least one object. [D:/Learn/Second/MathLogic/ex2/ex2/ex2.srcs/constrs_1/new/control_light.xdc:86]
Resolution: If [get_<value>] was used to populate the object, check to make sure this command returns at least one valid object.
WARNING: [Vivado 12-584] No ports matched 'segg[2]'. [D:/Learn/Second/MathLogic/ex2/ex2/ex2.srcs/constrs_1/new/control_light.xdc:87]
CRITICAL WARNING: [Common 17-55] 'set_property' expects at least one object. [D:/Learn/Second/MathLogic/ex2/ex2/ex2.srcs/constrs_1/new/control_light.xdc:87]
Resolution: If [get_<value>] was used to populate the object, check to make sure this command returns at least one valid object.
WARNING: [Vivado 12-584] No ports matched 'segg[3]'. [D:/Learn/Second/MathLogic/ex2/ex2/ex2.srcs/constrs_1/new/control_light.xdc:88]
CRITICAL WARNING: [Common 17-55] 'set_property' expects at least one object. [D:/Learn/Second/MathLogic/ex2/ex2/ex2.srcs/constrs_1/new/control_light.xdc:88]
Resolution: If [get_<value>] was used to populate the object, check to make sure this command returns at least one valid object.
WARNING: [Vivado 12-584] No ports matched 'segg[4]'. [D:/Learn/Second/MathLogic/ex2/ex2/ex2.srcs/constrs_1/new/control_light.xdc:89]
CRITICAL WARNING: [Common 17-55] 'set_property' expects at least one object. [D:/Learn/Second/MathLogic/ex2/ex2/ex2.srcs/constrs_1/new/control_light.xdc:89]
Resolution: If [get_<value>] was used to populate the object, check to make sure this command returns at least one valid object.
WARNING: [Vivado 12-584] No ports matched 'segg[5]'. [D:/Learn/Second/MathLogic/ex2/ex2/ex2.srcs/constrs_1/new/control_light.xdc:90]
CRITICAL WARNING: [Common 17-55] 'set_property' expects at least one object. [D:/Learn/Second/MathLogic/ex2/ex2/ex2.srcs/constrs_1/new/control_light.xdc:90]
Resolution: If [get_<value>] was used to populate the object, check to make sure this command returns at least one valid object.
WARNING: [Vivado 12-584] No ports matched 'segg[6]'. [D:/Learn/Second/MathLogic/ex2/ex2/ex2.srcs/constrs_1/new/control_light.xdc:91]
CRITICAL WARNING: [Common 17-55] 'set_property' expects at least one object. [D:/Learn/Second/MathLogic/ex2/ex2/ex2.srcs/constrs_1/new/control_light.xdc:91]
Resolution: If [get_<value>] was used to populate the object, check to make sure this command returns at least one valid object.
WARNING: [Vivado 12-584] No ports matched 'segg[7]'. [D:/Learn/Second/MathLogic/ex2/ex2/ex2.srcs/constrs_1/new/control_light.xdc:92]
CRITICAL WARNING: [Common 17-55] 'set_property' expects at least one object. [D:/Learn/Second/MathLogic/ex2/ex2/ex2.srcs/constrs_1/new/control_light.xdc:92]
Resolution: If [get_<value>] was used to populate the object, check to make sure this command returns at least one valid object.
WARNING: [Vivado 12-584] No ports matched 'seggg[0]'. [D:/Learn/Second/MathLogic/ex2/ex2/ex2.srcs/constrs_1/new/control_light.xdc:94]
CRITICAL WARNING: [Common 17-55] 'set_property' expects at least one object. [D:/Learn/Second/MathLogic/ex2/ex2/ex2.srcs/constrs_1/new/control_light.xdc:94]
Resolution: If [get_<value>] was used to populate the object, check to make sure this command returns at least one valid object.
WARNING: [Vivado 12-584] No ports matched 'seggg[1]'. [D:/Learn/Second/MathLogic/ex2/ex2/ex2.srcs/constrs_1/new/control_light.xdc:95]
CRITICAL WARNING: [Common 17-55] 'set_property' expects at least one object. [D:/Learn/Second/MathLogic/ex2/ex2/ex2.srcs/constrs_1/new/control_light.xdc:95]
Resolution: If [get_<value>] was used to populate the object, check to make sure this command returns at least one valid object.
WARNING: [Vivado 12-584] No ports matched 'seggg[2]'. [D:/Learn/Second/MathLogic/ex2/ex2/ex2.srcs/constrs_1/new/control_light.xdc:96]
CRITICAL WARNING: [Common 17-55] 'set_property' expects at least one object. [D:/Learn/Second/MathLogic/ex2/ex2/ex2.srcs/constrs_1/new/control_light.xdc:96]
Resolution: If [get_<value>] was used to populate the object, check to make sure this command returns at least one valid object.
WARNING: [Vivado 12-584] No ports matched 'seggg[3]'. [D:/Learn/Second/MathLogic/ex2/ex2/ex2.srcs/constrs_1/new/control_light.xdc:97]
CRITICAL WARNING: [Common 17-55] 'set_property' expects at least one object. [D:/Learn/Second/MathLogic/ex2/ex2/ex2.srcs/constrs_1/new/control_light.xdc:97]
Resolution: If [get_<value>] was used to populate the object, check to make sure this command returns at least one valid object.
WARNING: [Vivado 12-584] No ports matched 'seggg[4]'. [D:/Learn/Second/MathLogic/ex2/ex2/ex2.srcs/constrs_1/new/control_light.xdc:98]
CRITICAL WARNING: [Common 17-55] 'set_property' expects at least one object. [D:/Learn/Second/MathLogic/ex2/ex2/ex2.srcs/constrs_1/new/control_light.xdc:98]
Resolution: If [get_<value>] was used to populate the object, check to make sure this command returns at least one valid object.
WARNING: [Vivado 12-584] No ports matched 'seggg[5]'. [D:/Learn/Second/MathLogic/ex2/ex2/ex2.srcs/constrs_1/new/control_light.xdc:99]
CRITICAL WARNING: [Common 17-55] 'set_property' expects at least one object. [D:/Learn/Second/MathLogic/ex2/ex2/ex2.srcs/constrs_1/new/control_light.xdc:99]
Resolution: If [get_<value>] was used to populate the object, check to make sure this command returns at least one valid object.
WARNING: [Vivado 12-584] No ports matched 'seggg[6]'. [D:/Learn/Second/MathLogic/ex2/ex2/ex2.srcs/constrs_1/new/control_light.xdc:100]
CRITICAL WARNING: [Common 17-55] 'set_property' expects at least one object. [D:/Learn/Second/MathLogic/ex2/ex2/ex2.srcs/constrs_1/new/control_light.xdc:100]
Resolution: If [get_<value>] was used to populate the object, check to make sure this command returns at least one valid object.
WARNING: [Vivado 12-584] No ports matched 'seggg[7]'. [D:/Learn/Second/MathLogic/ex2/ex2/ex2.srcs/constrs_1/new/control_light.xdc:101]
CRITICAL WARNING: [Common 17-55] 'set_property' expects at least one object. [D:/Learn/Second/MathLogic/ex2/ex2/ex2.srcs/constrs_1/new/control_light.xdc:101]
Resolution: If [get_<value>] was used to populate the object, check to make sure this command returns at least one valid object.
WARNING: [Vivado 12-584] No ports matched 'seggg[7]'. [D:/Learn/Second/MathLogic/ex2/ex2/ex2.srcs/constrs_1/new/control_light.xdc:102]
CRITICAL WARNING: [Common 17-55] 'set_property' expects at least one object. [D:/Learn/Second/MathLogic/ex2/ex2/ex2.srcs/constrs_1/new/control_light.xdc:102]
Resolution: If [get_<value>] was used to populate the object, check to make sure this command returns at least one valid object.
WARNING: [Vivado 12-584] No ports matched 'seggg[6]'. [D:/Learn/Second/MathLogic/ex2/ex2/ex2.srcs/constrs_1/new/control_light.xdc:103]
CRITICAL WARNING: [Common 17-55] 'set_property' expects at least one object. [D:/Learn/Second/MathLogic/ex2/ex2/ex2.srcs/constrs_1/new/control_light.xdc:103]
Resolution: If [get_<value>] was used to populate the object, check to make sure this command returns at least one valid object.
WARNING: [Vivado 12-584] No ports matched 'seggg[5]'. [D:/Learn/Second/MathLogic/ex2/ex2/ex2.srcs/constrs_1/new/control_light.xdc:104]
CRITICAL WARNING: [Common 17-55] 'set_property' expects at least one object. [D:/Learn/Second/MathLogic/ex2/ex2/ex2.srcs/constrs_1/new/control_light.xdc:104]
Resolution: If [get_<value>] was used to populate the object, check to make sure this command returns at least one valid object.
WARNING: [Vivado 12-584] No ports matched 'seggg[4]'. [D:/Learn/Second/MathLogic/ex2/ex2/ex2.srcs/constrs_1/new/control_light.xdc:105]
CRITICAL WARNING: [Common 17-55] 'set_property' expects at least one object. [D:/Learn/Second/MathLogic/ex2/ex2/ex2.srcs/constrs_1/new/control_light.xdc:105]
Resolution: If [get_<value>] was used to populate the object, check to make sure this command returns at least one valid object.
WARNING: [Vivado 12-584] No ports matched 'seggg[3]'. [D:/Learn/Second/MathLogic/ex2/ex2/ex2.srcs/constrs_1/new/control_light.xdc:106]
CRITICAL WARNING: [Common 17-55] 'set_property' expects at least one object. [D:/Learn/Second/MathLogic/ex2/ex2/ex2.srcs/constrs_1/new/control_light.xdc:106]
Resolution: If [get_<value>] was used to populate the object, check to make sure this command returns at least one valid object.
WARNING: [Vivado 12-584] No ports matched 'seggg[2]'. [D:/Learn/Second/MathLogic/ex2/ex2/ex2.srcs/constrs_1/new/control_light.xdc:107]
CRITICAL WARNING: [Common 17-55] 'set_property' expects at least one object. [D:/Learn/Second/MathLogic/ex2/ex2/ex2.srcs/constrs_1/new/control_light.xdc:107]
Resolution: If [get_<value>] was used to populate the object, check to make sure this command returns at least one valid object.
WARNING: [Vivado 12-584] No ports matched 'seggg[1]'. [D:/Learn/Second/MathLogic/ex2/ex2/ex2.srcs/constrs_1/new/control_light.xdc:108]
CRITICAL WARNING: [Common 17-55] 'set_property' expects at least one object. [D:/Learn/Second/MathLogic/ex2/ex2/ex2.srcs/constrs_1/new/control_light.xdc:108]
Resolution: If [get_<value>] was used to populate the object, check to make sure this command returns at least one valid object.
WARNING: [Vivado 12-584] No ports matched 'seggg[0]'. [D:/Learn/Second/MathLogic/ex2/ex2/ex2.srcs/constrs_1/new/control_light.xdc:109]
CRITICAL WARNING: [Common 17-55] 'set_property' expects at least one object. [D:/Learn/Second/MathLogic/ex2/ex2/ex2.srcs/constrs_1/new/control_light.xdc:109]
Resolution: If [get_<value>] was used to populate the object, check to make sure this command returns at least one valid object.
Finished Parsing XDC File [D:/Learn/Second/MathLogic/ex2/ex2/ex2.srcs/constrs_1/new/control_light.xdc]
INFO: [Opt 31-138] Pushed 0 inverter(s) to 0 load pin(s).
INFO: [Project 1-111] Unisim Transformation Summary:
No Unisim elements were transformed.

Command: opt_design
Attempting to get a license for feature 'Implementation' and/or device 'xc7a35t-csg324'
INFO: [Common 17-349] Got license for feature 'Implementation' and/or device 'xc7a35t-csg324'
Running DRC as a precondition to command opt_design

Starting DRC Task
Command: report_drc (run_mandatory_drcs) for: opt_checks
INFO: [DRC 23-27] Running DRC with 2 threads
report_drc (run_mandatory_drcs) completed successfully
INFO: [Project 1-461] DRC finished with 0 Errors
INFO: [Project 1-462] Please refer to the DRC report (report_drc) for more information.

Time (s): cpu = 00:00:01 ; elapsed = 00:00:00.413 . Memory (MB): peak = 491.836 ; gain = 10.645
INFO: [Timing 38-35] Done setting XDC timing constraints.

Starting Logic Optimization Task

Phase 1 Retarget
INFO: [Opt 31-138] Pushed 0 inverter(s) to 0 load pin(s).
INFO: [Opt 31-49] Retargeted 0 cell(s).
Phase 1 Retarget | Checksum: 22b6a16cb

Time (s): cpu = 00:00:00 ; elapsed = 00:00:00.041 . Memory (MB): peak = 994.246 ; gain = 0.000
INFO: [Opt 31-389] Phase Retarget created 0 cells and removed 91 cells

Phase 2 Constant propagation
INFO: [Opt 31-138] Pushed 0 inverter(s) to 0 load pin(s).
Phase 2 Constant propagation | Checksum: 22b6a16cb

Time (s): cpu = 00:00:00 ; elapsed = 00:00:00.054 . Memory (MB): peak = 994.246 ; gain = 0.000
INFO: [Opt 31-389] Phase Constant propagation created 0 cells and removed 0 cells

Phase 3 Sweep
Phase 3 Sweep | Checksum: 2391b68a0

Time (s): cpu = 00:00:00 ; elapsed = 00:00:00.066 . Memory (MB): peak = 994.246 ; gain = 0.000
INFO: [Opt 31-389] Phase Sweep created 3 cells and removed 0 cells

Phase 4 BUFG optimization
Phase 4 BUFG optimization | Checksum: 2391b68a0

Time (s): cpu = 00:00:00 ; elapsed = 00:00:00.075 . Memory (MB): peak = 994.246 ; gain = 0.000
INFO: [Opt 31-389] Phase BUFG optimization created 0 cells and removed 0 cells

Phase 5 Shift Register Optimization
Phase 5 Shift Register Optimization | Checksum: 2391b68a0

Time (s): cpu = 00:00:00 ; elapsed = 00:00:00.076 . Memory (MB): peak = 994.246 ; gain = 0.000
INFO: [Opt 31-389] Phase Shift Register Optimization created 0 cells and removed 0 cells

Starting Connectivity Check Task

Time (s): cpu = 00:00:00 ; elapsed = 00:00:00.001 . Memory (MB): peak = 994.246 ; gain = 0.000
Ending Logic Optimization Task | Checksum: 2391b68a0

Time (s): cpu = 00:00:00 ; elapsed = 00:00:00.078 . Memory (MB): peak = 994.246 ; gain = 0.000

Starting Power Optimization Task
INFO: [Pwropt 34-132] Skipping clock gating for clocks with a period < 2.00 ns.
Ending Power Optimization Task | Checksum: 1ac6b2048

Time (s): cpu = 00:00:00 ; elapsed = 00:00:00.008 . Memory (MB): peak = 994.246 ; gain = 0.000
21 Infos, 84 Warnings, 84 Critical Warnings and 0 Errors encountered.
opt_design completed successfully
opt_design: Time (s): cpu = 00:00:10 ; elapsed = 00:00:10 . Memory (MB): peak = 994.246 ; gain = 513.055
Writing placer database...
Writing XDEF routing.
Writing XDEF routing logical nets.
Writing XDEF routing special nets.
Write XDEF Complete: Time (s): cpu = 00:00:00 ; elapsed = 00:00:00.029 . Memory (MB): peak = 994.246 ; gain = 0.000
INFO: [Common 17-1381] The checkpoint 'D:/Learn/Second/MathLogic/ex2/ex2/ex2.runs/impl_1/LED_CarLight_opt.dcp' has been generated.
Command: report_drc -file LED_CarLight_drc_opted.rpt
INFO: [DRC 23-27] Running DRC with 2 threads
INFO: [Coretcl 2-168] The results of DRC are in file D:/Learn/Second/MathLogic/ex2/ex2/ex2.runs/impl_1/LED_CarLight_drc_opted.rpt.
report_drc completed successfully
INFO: [Chipscope 16-241] No debug cores found in the current design.
Before running the implement_debug_core command, either use the Set Up Debug wizard (GUI mode)
or use the create_debug_core and connect_debug_core Tcl commands to insert debug cores into the design.
Command: place_design
Attempting to get a license for feature 'Implementation' and/or device 'xc7a35t-csg324'
INFO: [Common 17-349] Got license for feature 'Implementation' and/or device 'xc7a35t-csg324'
Command: report_drc (run_mandatory_drcs) for: incr_eco_checks
INFO: [DRC 23-27] Running DRC with 2 threads
report_drc (run_mandatory_drcs) completed successfully
INFO: [Vivado_Tcl 4-198] DRC finished with 0 Errors
INFO: [Vivado_Tcl 4-199] Please refer to the DRC report (report_drc) for more information.
Running DRC as a precondition to command place_design
Command: report_drc (run_mandatory_drcs) for: placer_checks
INFO: [DRC 23-27] Running DRC with 2 threads
report_drc (run_mandatory_drcs) completed successfully
INFO: [Vivado_Tcl 4-198] DRC finished with 0 Errors
INFO: [Vivado_Tcl 4-199] Please refer to the DRC report (report_drc) for more information.

Starting Placer Task
INFO: [Place 30-611] Multithreading enabled for place_design using a maximum of 2 CPUs

Phase 1 Placer Initialization

Phase 1.1 Placer Initialization Netlist Sorting
Netlist sorting complete. Time (s): cpu = 00:00:00 ; elapsed = 00:00:00 . Memory (MB): peak = 994.246 ; gain = 0.000
Phase 1.1 Placer Initialization Netlist Sorting | Checksum: 18c369859

Time (s): cpu = 00:00:00 ; elapsed = 00:00:00.007 . Memory (MB): peak = 994.246 ; gain = 0.000
INFO: [Timing 38-35] Done setting XDC timing constraints.
INFO: [Opt 31-138] Pushed 0 inverter(s) to 0 load pin(s).
Netlist sorting complete. Time (s): cpu = 00:00:00 ; elapsed = 00:00:00 . Memory (MB): peak = 994.246 ; gain = 0.000

Phase 1.2 IO Placement/ Clock Placement/ Build Placer Device
INFO: [Timing 38-35] Done setting XDC timing constraints.
Phase 1.2 IO Placement/ Clock Placement/ Build Placer Device | Checksum: 13ffba375

Time (s): cpu = 00:00:01 ; elapsed = 00:00:00.608 . Memory (MB): peak = 994.246 ; gain = 0.000

Phase 1.3 Build Placer Netlist Model
Phase 1.3 Build Placer Netlist Model | Checksum: 1d4b6b546

Time (s): cpu = 00:00:01 ; elapsed = 00:00:00.638 . Memory (MB): peak = 994.246 ; gain = 0.000

Phase 1.4 Constrain Clocks/Macros
Phase 1.4 Constrain Clocks/Macros | Checksum: 1d4b6b546

Time (s): cpu = 00:00:01 ; elapsed = 00:00:00.640 . Memory (MB): peak = 994.246 ; gain = 0.000
Phase 1 Placer Initialization | Checksum: 1d4b6b546

Time (s): cpu = 00:00:01 ; elapsed = 00:00:00.641 . Memory (MB): peak = 994.246 ; gain = 0.000

Phase 2 Global Placement
WARNING: [Place 46-30] place_design is not in timing mode. Skip physical synthesis in placer
Phase 2 Global Placement | Checksum: 1f6f0694a

Time (s): cpu = 00:00:01 ; elapsed = 00:00:00.794 . Memory (MB): peak = 994.246 ; gain = 0.000

Phase 3 Detail Placement

Phase 3.1 Commit Multi Column Macros
Phase 3.1 Commit Multi Column Macros | Checksum: 1f6f0694a

Time (s): cpu = 00:00:01 ; elapsed = 00:00:00.797 . Memory (MB): peak = 994.246 ; gain = 0.000

Phase 3.2 Commit Most Macros & LUTRAMs
Phase 3.2 Commit Most Macros & LUTRAMs | Checksum: e9a2a383

Time (s): cpu = 00:00:02 ; elapsed = 00:00:00.810 . Memory (MB): peak = 994.246 ; gain = 0.000

Phase 3.3 Area Swap Optimization
Phase 3.3 Area Swap Optimization | Checksum: 14e67640b

Time (s): cpu = 00:00:02 ; elapsed = 00:00:00.817 . Memory (MB): peak = 994.246 ; gain = 0.000

Phase 3.4 Pipeline Register Optimization
Phase 3.4 Pipeline Register Optimization | Checksum: 14e67640b

Time (s): cpu = 00:00:02 ; elapsed = 00:00:00.819 . Memory (MB): peak = 994.246 ; gain = 0.000

Phase 3.5 Small Shape Detail Placement
Phase 3.5 Small Shape Detail Placement | Checksum: 258d68f29

Time (s): cpu = 00:00:02 ; elapsed = 00:00:00.967 . Memory (MB): peak = 994.246 ; gain = 0.000

Phase 3.6 Re-assign LUT pins
Phase 3.6 Re-assign LUT pins | Checksum: 258d68f29

Time (s): cpu = 00:00:02 ; elapsed = 00:00:00.972 . Memory (MB): peak = 994.246 ; gain = 0.000

Phase 3.7 Pipeline Register Optimization
Phase 3.7 Pipeline Register Optimization | Checksum: 258d68f29

Time (s): cpu = 00:00:02 ; elapsed = 00:00:00.974 . Memory (MB): peak = 994.246 ; gain = 0.000
Phase 3 Detail Placement | Checksum: 258d68f29

Time (s): cpu = 00:00:02 ; elapsed = 00:00:00.975 . Memory (MB): peak = 994.246 ; gain = 0.000

Phase 4 Post Placement Optimization and Clean-Up

Phase 4.1 Post Commit Optimization
Phase 4.1 Post Commit Optimization | Checksum: 258d68f29

Time (s): cpu = 00:00:02 ; elapsed = 00:00:00.977 . Memory (MB): peak = 994.246 ; gain = 0.000

Phase 4.2 Post Placement Cleanup
Phase 4.2 Post Placement Cleanup | Checksum: 258d68f29

Time (s): cpu = 00:00:02 ; elapsed = 00:00:00.981 . Memory (MB): peak = 994.246 ; gain = 0.000

Phase 4.3 Placer Reporting
Phase 4.3 Placer Reporting | Checksum: 258d68f29

Time (s): cpu = 00:00:02 ; elapsed = 00:00:00.983 . Memory (MB): peak = 994.246 ; gain = 0.000

Phase 4.4 Final Placement Cleanup
Phase 4.4 Final Placement Cleanup | Checksum: 288c1689f

Time (s): cpu = 00:00:02 ; elapsed = 00:00:00.984 . Memory (MB): peak = 994.246 ; gain = 0.000
Phase 4 Post Placement Optimization and Clean-Up | Checksum: 288c1689f

Time (s): cpu = 00:00:02 ; elapsed = 00:00:00.985 . Memory (MB): peak = 994.246 ; gain = 0.000
Ending Placer Task | Checksum: 1bc6e28b9

Time (s): cpu = 00:00:02 ; elapsed = 00:00:00.989 . Memory (MB): peak = 994.246 ; gain = 0.000
36 Infos, 85 Warnings, 84 Critical Warnings and 0 Errors encountered.
place_design completed successfully
Writing placer database...
Writing XDEF routing.
Writing XDEF routing logical nets.
Writing XDEF routing special nets.
Write XDEF Complete: Time (s): cpu = 00:00:00 ; elapsed = 00:00:00.059 . Memory (MB): peak = 994.246 ; gain = 0.000
INFO: [Common 17-1381] The checkpoint 'D:/Learn/Second/MathLogic/ex2/ex2/ex2.runs/impl_1/LED_CarLight_placed.dcp' has been generated.
report_io: Time (s): cpu = 00:00:00 ; elapsed = 00:00:00.034 . Memory (MB): peak = 994.246 ; gain = 0.000
report_utilization: Time (s): cpu = 00:00:00 ; elapsed = 00:00:00.015 . Memory (MB): peak = 994.246 ; gain = 0.000
report_control_sets: Time (s): cpu = 00:00:00 ; elapsed = 00:00:00.001 . Memory (MB): peak = 994.246 ; gain = 0.000
Command: route_design
Attempting to get a license for feature 'Implementation' and/or device 'xc7a35t-csg324'
INFO: [Common 17-349] Got license for feature 'Implementation' and/or device 'xc7a35t-csg324'
Running DRC as a precondition to command route_design
Command: report_drc (run_mandatory_drcs) for: router_checks
INFO: [DRC 23-27] Running DRC with 2 threads
report_drc (run_mandatory_drcs) completed successfully
INFO: [Vivado_Tcl 4-198] DRC finished with 0 Errors
INFO: [Vivado_Tcl 4-199] Please refer to the DRC report (report_drc) for more information.


Starting Routing Task
INFO: [Route 35-254] Multithreading enabled for route_design using a maximum of 2 CPUs
Checksum: PlaceDB: d8c2d1ee ConstDB: 0 ShapeSum: e3ab56cb RouteDB: 0

Phase 1 Build RT Design
Phase 1 Build RT Design | Checksum: 12155d8c2

Time (s): cpu = 00:00:15 ; elapsed = 00:00:13 . Memory (MB): peak = 1082.020 ; gain = 87.773

Phase 2 Router Initialization
INFO: [Route 35-64] No timing constraints were detected. The router will operate in resource-optimization mode.

Phase 2.1 Fix Topology Constraints
Phase 2.1 Fix Topology Constraints | Checksum: 12155d8c2

Time (s): cpu = 00:00:15 ; elapsed = 00:00:13 . Memory (MB): peak = 1085.617 ; gain = 91.371

Phase 2.2 Pre Route Cleanup
Phase 2.2 Pre Route Cleanup | Checksum: 12155d8c2

Time (s): cpu = 00:00:15 ; elapsed = 00:00:13 . Memory (MB): peak = 1085.617 ; gain = 91.371
 Number of Nodes with overlaps = 0
Phase 2 Router Initialization | Checksum: 12a3020bf

Time (s): cpu = 00:00:15 ; elapsed = 00:00:13 . Memory (MB): peak = 1095.438 ; gain = 101.191

Phase 3 Initial Routing
Phase 3 Initial Routing | Checksum: 955820fa

Time (s): cpu = 00:00:15 ; elapsed = 00:00:13 . Memory (MB): peak = 1095.438 ; gain = 101.191

Phase 4 Rip-up And Reroute

Phase 4.1 Global Iteration 0
 Number of Nodes with overlaps = 10
 Number of Nodes with overlaps = 0
Phase 4.1 Global Iteration 0 | Checksum: 10c1d6808

Time (s): cpu = 00:00:15 ; elapsed = 00:00:13 . Memory (MB): peak = 1095.438 ; gain = 101.191
Phase 4 Rip-up And Reroute | Checksum: 10c1d6808

Time (s): cpu = 00:00:15 ; elapsed = 00:00:13 . Memory (MB): peak = 1095.438 ; gain = 101.191

Phase 5 Delay and Skew Optimization
Phase 5 Delay and Skew Optimization | Checksum: 10c1d6808

Time (s): cpu = 00:00:15 ; elapsed = 00:00:13 . Memory (MB): peak = 1095.438 ; gain = 101.191

Phase 6 Post Hold Fix

Phase 6.1 Hold Fix Iter
Phase 6.1 Hold Fix Iter | Checksum: 10c1d6808

Time (s): cpu = 00:00:15 ; elapsed = 00:00:13 . Memory (MB): peak = 1095.438 ; gain = 101.191
Phase 6 Post Hold Fix | Checksum: 10c1d6808

Time (s): cpu = 00:00:15 ; elapsed = 00:00:13 . Memory (MB): peak = 1095.438 ; gain = 101.191

Phase 7 Route finalize

Router Utilization Summary
  Global Vertical Routing Utilization    = 0.0447261 %
  Global Horizontal Routing Utilization  = 0.0417751 %
  Routable Net Status*
  *Does not include unroutable nets such as driverless and loadless.
  Run report_route_status for detailed report.
  Number of Failed Nets               = 0
  Number of Unrouted Nets             = 0
  Number of Partially Routed Nets     = 0
  Number of Node Overlaps             = 0

Congestion Report
North Dir 1x1 Area, Max Cong = 17.1171%, No Congested Regions.
South Dir 1x1 Area, Max Cong = 17.1171%, No Congested Regions.
East Dir 1x1 Area, Max Cong = 13.2353%, No Congested Regions.
West Dir 1x1 Area, Max Cong = 10.2941%, No Congested Regions.
Phase 7 Route finalize | Checksum: 10c1d6808

Time (s): cpu = 00:00:15 ; elapsed = 00:00:13 . Memory (MB): peak = 1095.438 ; gain = 101.191

Phase 8 Verifying routed nets

 Verification completed successfully
Phase 8 Verifying routed nets | Checksum: 10c1d6808

Time (s): cpu = 00:00:15 ; elapsed = 00:00:13 . Memory (MB): peak = 1095.438 ; gain = 101.191

Phase 9 Depositing Routes
Phase 9 Depositing Routes | Checksum: 519e8e3c

Time (s): cpu = 00:00:15 ; elapsed = 00:00:13 . Memory (MB): peak = 1095.438 ; gain = 101.191
INFO: [Route 35-16] Router Completed Successfully

Time (s): cpu = 00:00:15 ; elapsed = 00:00:13 . Memory (MB): peak = 1095.438 ; gain = 101.191

Routing Is Done.
44 Infos, 85 Warnings, 84 Critical Warnings and 0 Errors encountered.
route_design completed successfully
route_design: Time (s): cpu = 00:00:16 ; elapsed = 00:00:14 . Memory (MB): peak = 1095.438 ; gain = 101.191
Writing placer database...
Writing XDEF routing.
Writing XDEF routing logical nets.
Writing XDEF routing special nets.
Write XDEF Complete: Time (s): cpu = 00:00:00 ; elapsed = 00:00:00.052 . Memory (MB): peak = 1095.438 ; gain = 0.000
INFO: [Common 17-1381] The checkpoint 'D:/Learn/Second/MathLogic/ex2/ex2/ex2.runs/impl_1/LED_CarLight_routed.dcp' has been generated.
Command: report_drc -file LED_CarLight_drc_routed.rpt -pb LED_CarLight_drc_routed.pb -rpx LED_CarLight_drc_routed.rpx
INFO: [DRC 23-27] Running DRC with 2 threads
INFO: [Coretcl 2-168] The results of DRC are in file D:/Learn/Second/MathLogic/ex2/ex2/ex2.runs/impl_1/LED_CarLight_drc_routed.rpt.
report_drc completed successfully
Command: report_methodology -file LED_CarLight_methodology_drc_routed.rpt -rpx LED_CarLight_methodology_drc_routed.rpx
INFO: [Timing 38-35] Done setting XDC timing constraints.
INFO: [DRC 23-133] Running Methodology with 2 threads
INFO: [Coretcl 2-1520] The results of Report Methodology are in file D:/Learn/Second/MathLogic/ex2/ex2/ex2.runs/impl_1/LED_CarLight_methodology_drc_routed.rpt.
report_methodology completed successfully
Command: report_power -file LED_CarLight_power_routed.rpt -pb LED_CarLight_power_summary_routed.pb -rpx LED_CarLight_power_routed.rpx
WARNING: [Power 33-232] No user defined clocks were found in the design!
Resolution: Please specify clocks using create_clock/create_generated_clock for sequential elements. For pure combinatorial circuits, please specify a virtual clock, otherwise the vectorless estimation might be inaccurate
INFO: [Timing 38-35] Done setting XDC timing constraints.
Running Vector-less Activity Propagation...

Finished Running Vector-less Activity Propagation
51 Infos, 86 Warnings, 84 Critical Warnings and 0 Errors encountered.
report_power completed successfully
INFO: [Timing 38-91] UpdateTimingParams: Speed grade: -1, Delay Type: min_max.
INFO: [Timing 38-191] Multithreading enabled for timing update using a maximum of 2 CPUs
WARNING: [Timing 38-313] There are no user specified timing constraints. Timing constraints are needed for proper timing analysis.
Command: write_bitstream -force LED_CarLight.bit
Attempting to get a license for feature 'Implementation' and/or device 'xc7a35t-csg324'
INFO: [Common 17-349] Got license for feature 'Implementation' and/or device 'xc7a35t-csg324'
Running DRC as a precondition to command write_bitstream
Command: report_drc (run_mandatory_drcs) for: bitstream_checks
INFO: [DRC 23-27] Running DRC with 2 threads
WARNING: [DRC CFGBVS-1] Missing CFGBVS and CONFIG_VOLTAGE Design Properties: Neither the CFGBVS nor CONFIG_VOLTAGE voltage property is set in the current_design.  Configuration bank voltage select (CFGBVS) must be set to VCCO or GND, and CONFIG_VOLTAGE must be set to the correct configuration voltage, in order to determine the I/O voltage support for the pins in bank 0.  It is suggested to specify these either using the 'Edit Device Properties' function in the GUI or directly in the XDC file using the following syntax:

 set_property CFGBVS value1 [current_design]
 #where value1 is either VCCO or GND

 set_property CONFIG_VOLTAGE value2 [current_design]
 #where value2 is the voltage provided to configuration bank 0

Refer to the device configuration user guide for more information.
WARNING: [DRC PDRC-153] Gated clock check: Net aj3/beep_0 is a gated clock net sourced by a combinational pin aj3/b_reg_i_2/O, cell aj3/b_reg_i_2. This is not good design practice and will likely impact performance. For SLICE registers, for example, use the CE pin to control the loading of data.
report_drc (run_mandatory_drcs) completed successfully
INFO: [Vivado 12-3199] DRC finished with 0 Errors, 2 Warnings
INFO: [Vivado 12-3200] Please refer to the DRC report (report_drc) for more information.
INFO: [Project 1-821] Please set project.enableDesignId to be 'true'.
INFO: [Designutils 20-2272] Running write_bitstream with 2 threads.
Loading data files...
Loading site data...
Loading route data...
Processing options...
Creating bitmap...
Creating bitstream...
Writing bitstream ./LED_CarLight.bit...
INFO: [Vivado 12-1842] Bitgen Completed Successfully.
INFO: [Project 1-120] WebTalk data collection is mandatory when using a WebPACK part without a full Vivado license. To see the specific WebTalk data collected for your design, open the usage_statistics_webtalk.html or usage_statistics_webtalk.xml file in the implementation directory.
INFO: [Common 17-186] 'D:/Learn/Second/MathLogic/ex2/ex2/ex2.runs/impl_1/usage_statistics_webtalk.xml' has been successfully sent to Xilinx on Fri May 17 01:05:47 2019. For additional details about this file, please refer to the WebTalk help file at D:/app/Xilinx/Vivado/2017.2/doc/webtalk_introduction.html.
62 Infos, 89 Warnings, 84 Critical Warnings and 0 Errors encountered.
write_bitstream completed successfully
write_bitstream: Time (s): cpu = 00:00:10 ; elapsed = 00:00:14 . Memory (MB): peak = 1469.984 ; gain = 340.109
INFO: [Common 17-206] Exiting Vivado at Fri May 17 01:05:48 2019...

*** Running vivado
    with args -log LED_CarLight.vdi -applog -m64 -product Vivado -messageDb vivado.pb -mode batch -source LED_CarLight.tcl -notrace


****** Vivado v2017.2 (64-bit)
  **** SW Build 1909853 on Thu Jun 15 18:39:09 MDT 2017
  **** IP Build 1909766 on Thu Jun 15 19:58:00 MDT 2017
    ** Copyright 1986-2017 Xilinx, Inc. All Rights Reserved.

source LED_CarLight.tcl -notrace
Command: open_checkpoint LED_CarLight_routed.dcp

Starting open_checkpoint Task

Time (s): cpu = 00:00:00 ; elapsed = 00:00:00.024 . Memory (MB): peak = 221.777 ; gain = 0.000
INFO: [Netlist 29-17] Analyzing 29 Unisim elements for replacement
INFO: [Netlist 29-28] Unisim Transformation completed in 0 CPU seconds
INFO: [Project 1-479] Netlist was created with Vivado 2017.2
INFO: [Device 21-403] Loading part xc7a35tcsg324-1
INFO: [Project 1-570] Preparing netlist for logic optimization
Parsing XDC File [D:/Learn/Second/MathLogic/ex2/ex2/ex2.runs/impl_1/.Xil/Vivado-18176-DESKTOP-N558HV1/dcp3/LED_CarLight.xdc]
Finished Parsing XDC File [D:/Learn/Second/MathLogic/ex2/ex2/ex2.runs/impl_1/.Xil/Vivado-18176-DESKTOP-N558HV1/dcp3/LED_CarLight.xdc]
Reading XDEF placement.
Reading placer database...
Reading XDEF routing.
Read XDEF File: Time (s): cpu = 00:00:00 ; elapsed = 00:00:00.100 . Memory (MB): peak = 476.852 ; gain = 0.000
Restored from archive | CPU: 0.000000 secs | Memory: 0.000000 MB |
Finished XDEF File Restore: Time (s): cpu = 00:00:00 ; elapsed = 00:00:00.102 . Memory (MB): peak = 476.852 ; gain = 0.000
INFO: [Project 1-111] Unisim Transformation Summary:
No Unisim elements were transformed.

INFO: [Project 1-604] Checkpoint was created with Vivado v2017.2 (64-bit) build 1909853
open_checkpoint: Time (s): cpu = 00:00:07 ; elapsed = 00:00:10 . Memory (MB): peak = 480.922 ; gain = 260.891
Command: write_bitstream -force LED_CarLight.bit
Attempting to get a license for feature 'Implementation' and/or device 'xc7a35t-csg324'
INFO: [Common 17-349] Got license for feature 'Implementation' and/or device 'xc7a35t-csg324'
Running DRC as a precondition to command write_bitstream
Command: report_drc (run_mandatory_drcs) for: bitstream_checks
INFO: [DRC 23-27] Running DRC with 2 threads
WARNING: [DRC CFGBVS-1] Missing CFGBVS and CONFIG_VOLTAGE Design Properties: Neither the CFGBVS nor CONFIG_VOLTAGE voltage property is set in the current_design.  Configuration bank voltage select (CFGBVS) must be set to VCCO or GND, and CONFIG_VOLTAGE must be set to the correct configuration voltage, in order to determine the I/O voltage support for the pins in bank 0.  It is suggested to specify these either using the 'Edit Device Properties' function in the GUI or directly in the XDC file using the following syntax:

 set_property CFGBVS value1 [current_design]
 #where value1 is either VCCO or GND

 set_property CONFIG_VOLTAGE value2 [current_design]
 #where value2 is the voltage provided to configuration bank 0

Refer to the device configuration user guide for more information.
WARNING: [DRC PDRC-153] Gated clock check: Net aj3/beep_0 is a gated clock net sourced by a combinational pin aj3/b_reg_i_2/O, cell aj3/b_reg_i_2. This is not good design practice and will likely impact performance. For SLICE registers, for example, use the CE pin to control the loading of data.
report_drc (run_mandatory_drcs) completed successfully
INFO: [Vivado 12-3199] DRC finished with 0 Errors, 2 Warnings
INFO: [Vivado 12-3200] Please refer to the DRC report (report_drc) for more information.
INFO: [Project 1-821] Please set project.enableDesignId to be 'true'.
INFO: [Designutils 20-2272] Running write_bitstream with 2 threads.
Loading data files...
Loading site data...
Loading route data...
Processing options...
Creating bitmap...
Creating bitstream...
Writing bitstream ./LED_CarLight.bit...
INFO: [Vivado 12-1842] Bitgen Completed Successfully.
INFO: [Project 1-120] WebTalk data collection is mandatory when using a WebPACK part without a full Vivado license. To see the specific WebTalk data collected for your design, open the usage_statistics_webtalk.html or usage_statistics_webtalk.xml file in the implementation directory.
15 Infos, 2 Warnings, 0 Critical Warnings and 0 Errors encountered.
write_bitstream completed successfully
write_bitstream: Time (s): cpu = 00:00:15 ; elapsed = 00:00:22 . Memory (MB): peak = 848.363 ; gain = 367.441
INFO: [Common 17-206] Exiting Vivado at Fri May 17 13:42:40 2019...
